<?xml version="1.0" encoding="UTF-8"?>
<!-- Generated by org.testng.reporters.JUnitReportReporter -->
<testsuite hostname="Abhijith" failures="0" tests="4" name="api.tests.UserTests" time="6.184" errors="0" timestamp="2024-01-31T15:34:38 IST" skipped="0">
  <testcase classname="api.tests.UserTests" name="testGetRequest" time="1.180"/>
  <testcase classname="api.tests.UserTests" name="testPostRequest" time="2.552"/>
  <testcase classname="api.tests.UserTests" name="testPutRequest" time="1.240"/>
  <testcase classname="api.tests.UserTests" name="testDeleteRequest" time="1.212"/>
</testsuite> <!-- api.tests.UserTests -->
